<?xml version="1.0" encoding="UTF-8"?>
<beans xmlns="http://www.springframework.org/schema/beans"
	xmlns:xsi="http://www.w3.org/2001/XMLSchema-instance"
	xmlns:p="http://www.springframework.org/schema/p"
	xsi:schemaLocation="http://www.springframework.org/schema/beans http://www.springframework.org/schema/beans/spring-beans.xsd">

	<bean id="dataSource" class="org.apache.commons.dbcp.BasicDataSource" 
	 		p:driverClassName="org.postgresql.Driver" p:url="jdbc:postgresql://127.0.0.1:5432/postgres"
	 		p:username="postgres" p:password="root"
	 		init-method="createDataSource" destroy-method="close"/>

	

</beans>
